<?xml version="1.0" encoding="UTF-8"?><testsuite errors="1" failures="0" name="Sophos Challenge refers to MetroCencosud page" skipped="0" tests="1" time="3.11" timestamp="2020-03-25 06:04:38"><testcase name="Successful Case Televisores"><error message="Arity mismatch: Step Definition 'co.com.metrocencosud.retosophos.stepdefinitions.MetroStepDefinitions.anUserEntersTheMetroCencosud() in file:/C:/Users/p.velasquez.castano.DIR/Downloads/RetoSophos/build/classes/java/test/' with pattern [^an user enters the MetroCencosud page (.*)$] is declared with 0 parameters. However, the gherkin step has 1 arguments [1]. &#10;Step text: an user enters the MetroCencosud page 1" type="cucumber.runtime.CucumberException">Arity mismatch: Step Definition 'co.com.metrocencosud.retosophos.stepdefinitions.MetroStepDefinitions.anUserEntersTheMetroCencosud() in file:/C:/Users/p.velasquez.castano.DIR/Downloads/RetoSophos/build/classes/java/test/' with pattern [^an user enters the MetroCencosud page (.*)$] is declared with 0 parameters. However, the gherkin step has 1 arguments [1]. 
Step text: an user enters the MetroCencosud page 1</error><system-err>Arity mismatch: Step Definition 'co.com.metrocencosud.retosophos.stepdefinitions.MetroStepDefinitions.anUserEntersTheMetroCencosud() in file:/C:/Users/p.velasquez.castano.DIR/Downloads/RetoSophos/build/classes/java/test/' with pattern [^an user enters the MetroCencosud page (.*)$] is declared with 0 parameters. However, the gherkin step has 1 arguments [1]. 
Step text: an user enters the MetroCencosud page 1&#13;
cucumber.runner.Runner.runPickle(Runner.java:80)&#13;
</system-err></testcase></testsuite>